2020-10-06 09:42:33 上午 [Thread: main][ Class:com.mchange.v2.log.MLog >> Method: com.mchange.v2.log.MLog.<clinit>(MLog.java:80) ]
INFO:MLog clients using log4j logging.
2020-10-06 09:42:34 上午 [Thread: main][ Class:com.mchange.v2.c3p0.C3P0Registry >> Method: com.mchange.v2.c3p0.C3P0Registry.banner(C3P0Registry.java:204) ]
INFO:Initializing c3p0-0.9.1.2 [built 21-May-2007 15:04:56; debug? true; trace: 10]
2020-10-06 09:42:34 上午 [Thread: main][ Class:com.mchange.v2.c3p0.management.DynamicPooledDataSourceManagerMBean >> Method: com.mchange.v2.c3p0.management.DynamicPooledDataSourceManagerMBean.reinitialize(DynamicPooledDataSourceManagerMBean.java:236) ]
DEBUG:MBean: com.mchange.v2.c3p0:type=PooledDataSource[1hgeby9ac1xswo2f5qtfgx|4f49f6af] registered.
2020-10-06 09:43:13 上午 [Thread: main][ Class:com.mchange.v2.log.MLog >> Method: com.mchange.v2.log.MLog.<clinit>(MLog.java:80) ]
INFO:MLog clients using log4j logging.
2020-10-06 09:43:14 上午 [Thread: main][ Class:com.mchange.v2.c3p0.C3P0Registry >> Method: com.mchange.v2.c3p0.C3P0Registry.banner(C3P0Registry.java:204) ]
INFO:Initializing c3p0-0.9.1.2 [built 21-May-2007 15:04:56; debug? true; trace: 10]
2020-10-06 09:43:14 上午 [Thread: main][ Class:com.mchange.v2.c3p0.management.DynamicPooledDataSourceManagerMBean >> Method: com.mchange.v2.c3p0.management.DynamicPooledDataSourceManagerMBean.reinitialize(DynamicPooledDataSourceManagerMBean.java:236) ]
DEBUG:MBean: com.mchange.v2.c3p0:type=PooledDataSource[1hgeby9ac1xsxizx1yq4l5x|f58853c] registered.
2020-10-06 19:52:31 下午 [Thread: main][ Class:com.mchange.v2.log.MLog >> Method: com.mchange.v2.log.MLog.<clinit>(MLog.java:80) ]
INFO:MLog clients using log4j logging.
2020-10-06 19:52:32 下午 [Thread: main][ Class:com.mchange.v2.c3p0.C3P0Registry >> Method: com.mchange.v2.c3p0.C3P0Registry.banner(C3P0Registry.java:204) ]
INFO:Initializing c3p0-0.9.1.2 [built 21-May-2007 15:04:56; debug? true; trace: 10]
2020-10-06 19:52:32 下午 [Thread: main][ Class:com.mchange.v2.c3p0.management.DynamicPooledDataSourceManagerMBean >> Method: com.mchange.v2.c3p0.management.DynamicPooledDataSourceManagerMBean.reinitialize(DynamicPooledDataSourceManagerMBean.java:236) ]
DEBUG:MBean: com.mchange.v2.c3p0:type=PooledDataSource[1hgeby9ac1yep35147b4fh|4bff7da0] registered.
2020-10-06 19:52:32 下午 [Thread: main][ Class:com.mchange.v2.resourcepool.BasicResourcePool >> Method: com.mchange.v2.resourcepool.BasicResourcePool.incrementPendingAcquires(BasicResourcePool.java:404) ]
DEBUG:incremented pending_acquires: 1
2020-10-06 19:52:32 下午 [Thread: main][ Class:com.mchange.v2.resourcepool.BasicResourcePool >> Method: com.mchange.v2.resourcepool.BasicResourcePool.incrementPendingAcquires(BasicResourcePool.java:404) ]
DEBUG:incremented pending_acquires: 2
2020-10-06 19:52:32 下午 [Thread: main][ Class:com.mchange.v2.resourcepool.BasicResourcePool >> Method: com.mchange.v2.resourcepool.BasicResourcePool.incrementPendingAcquires(BasicResourcePool.java:404) ]
DEBUG:incremented pending_acquires: 3
2020-10-06 19:52:32 下午 [Thread: main][ Class:com.mchange.v2.resourcepool.BasicResourcePool >> Method: com.mchange.v2.resourcepool.BasicResourcePool.<init>(BasicResourcePool.java:289) ]
DEBUG:com.mchange.v2.resourcepool.BasicResourcePool@4fce136b config: [start -> 3; min -> 3; max -> 15; inc -> 3; num_acq_attempts -> 30; acq_attempt_delay -> 1000; check_idle_resources_delay -> 0; mox_resource_age -> 0; max_idle_time -> 0; excess_max_idle_time -> 0; destroy_unreturned_resc_time -> 0; expiration_enforcement_delay -> 0; break_on_acquisition_failure -> false; debug_store_checkout_exceptions -> false]
2020-10-06 19:52:32 下午 [Thread: main][ Class:com.mchange.v2.c3p0.impl.AbstractPoolBackedDataSource >> Method: com.mchange.v2.c3p0.impl.AbstractPoolBackedDataSource.getPoolManager(AbstractPoolBackedDataSource.java:462) ]
INFO:Initializing c3p0 pool... com.mchange.v2.c3p0.ComboPooledDataSource [ acquireIncrement -> 3, acquireRetryAttempts -> 30, acquireRetryDelay -> 1000, autoCommitOnClose -> false, automaticTestTable -> null, breakAfterAcquireFailure -> false, checkoutTimeout -> 0, connectionCustomizerClassName -> null, connectionTesterClassName -> com.mchange.v2.c3p0.impl.DefaultConnectionTester, dataSourceName -> 1hgeby9ac1yep35147b4fh|4bff7da0, debugUnreturnedConnectionStackTraces -> false, description -> null, driverClass -> com.mysql.jdbc.Driver, factoryClassLocation -> null, forceIgnoreUnresolvedTransactions -> false, identityToken -> 1hgeby9ac1yep35147b4fh|4bff7da0, idleConnectionTestPeriod -> 0, initialPoolSize -> 3, jdbcUrl -> jdbc:mysql://120.27.242.143:3306/wordguardian?useUnicode=true&characterEncoding=UTF-8&autoReconnect=true&failOverReadOnly=false, maxAdministrativeTaskTime -> 0, maxConnectionAge -> 0, maxIdleTime -> 0, maxIdleTimeExcessConnections -> 0, maxPoolSize -> 15, maxStatements -> 0, maxStatementsPerConnection -> 0, minPoolSize -> 3, numHelperThreads -> 3, numThreadsAwaitingCheckoutDefaultUser -> 0, preferredTestQuery -> null, properties -> {password=******, user=******}, propertyCycle -> 0, testConnectionOnCheckin -> false, testConnectionOnCheckout -> false, unreturnedConnectionTimeout -> 0, usesTraditionalReflectiveProxies -> false ]
2020-10-06 19:52:32 下午 [Thread: main][ Class:com.mchange.v2.resourcepool.BasicResourcePool >> Method: com.mchange.v2.resourcepool.BasicResourcePool.prelimCheckoutResource(BasicResourcePool.java:538) ]
DEBUG:acquire test -- pool size: 0; target_pool_size: 3; desired target? 1
2020-10-06 19:52:32 下午 [Thread: main][ Class:com.mchange.v2.resourcepool.BasicResourcePool >> Method: com.mchange.v2.resourcepool.BasicResourcePool.awaitAvailable(BasicResourcePool.java:1291) ]
DEBUG:awaitAvailable(): [unknown]
2020-10-06 19:52:32 下午 [Thread: main][ Class:com.mchange.v2.resourcepool.BasicResourcePool >> Method: com.mchange.v2.resourcepool.BasicResourcePool.trace(BasicResourcePool.java:1644) ]
DEBUG:trace com.mchange.v2.resourcepool.BasicResourcePool@4fce136b [managed: 0, unused: 0, excluded: 0]
2020-10-06 19:52:33 下午 [Thread: com.mchange.v2.async.ThreadPoolAsynchronousRunner$PoolThread-#2][ Class:com.mchange.v2.c3p0.impl.C3P0PooledConnectionPool >> Method: com.mchange.v2.c3p0.impl.C3P0PooledConnectionPool$1PooledConnectionResourcePoolManager.acquireResource(C3P0PooledConnectionPool.java:217) ]
DEBUG:com.mchange.v2.c3p0.impl.C3P0PooledConnectionPool$1PooledConnectionResourcePoolManager@b48625b.acquireResource() returning. 
2020-10-06 19:52:33 下午 [Thread: com.mchange.v2.async.ThreadPoolAsynchronousRunner$PoolThread-#2][ Class:com.mchange.v2.resourcepool.BasicResourcePool >> Method: com.mchange.v2.resourcepool.BasicResourcePool.trace(BasicResourcePool.java:1644) ]
DEBUG:trace com.mchange.v2.resourcepool.BasicResourcePool@4fce136b [managed: 1, unused: 1, excluded: 0]
2020-10-06 19:52:33 下午 [Thread: main][ Class:com.mchange.v2.resourcepool.BasicResourcePool >> Method: com.mchange.v2.resourcepool.BasicResourcePool.trace(BasicResourcePool.java:1644) ]
DEBUG:trace com.mchange.v2.resourcepool.BasicResourcePool@4fce136b [managed: 1, unused: 0, excluded: 0] (e.g. com.mchange.v2.c3p0.impl.NewPooledConnection@105ee4ea)
2020-10-06 19:52:33 下午 [Thread: com.mchange.v2.async.ThreadPoolAsynchronousRunner$PoolThread-#2][ Class:com.mchange.v2.resourcepool.BasicResourcePool >> Method: com.mchange.v2.resourcepool.BasicResourcePool.decrementPendingAcquires(BasicResourcePool.java:422) ]
DEBUG:decremented pending_acquires: 2
2020-10-06 19:52:33 下午 [Thread: com.mchange.v2.async.ThreadPoolAsynchronousRunner$PoolThread-#0][ Class:com.mchange.v2.c3p0.impl.C3P0PooledConnectionPool >> Method: com.mchange.v2.c3p0.impl.C3P0PooledConnectionPool$1PooledConnectionResourcePoolManager.acquireResource(C3P0PooledConnectionPool.java:217) ]
DEBUG:com.mchange.v2.c3p0.impl.C3P0PooledConnectionPool$1PooledConnectionResourcePoolManager@b48625b.acquireResource() returning. 
2020-10-06 19:52:33 下午 [Thread: com.mchange.v2.async.ThreadPoolAsynchronousRunner$PoolThread-#0][ Class:com.mchange.v2.resourcepool.BasicResourcePool >> Method: com.mchange.v2.resourcepool.BasicResourcePool.trace(BasicResourcePool.java:1644) ]
DEBUG:trace com.mchange.v2.resourcepool.BasicResourcePool@4fce136b [managed: 2, unused: 1, excluded: 0] (e.g. com.mchange.v2.c3p0.impl.NewPooledConnection@105ee4ea)
2020-10-06 19:52:33 下午 [Thread: com.mchange.v2.async.ThreadPoolAsynchronousRunner$PoolThread-#0][ Class:com.mchange.v2.resourcepool.BasicResourcePool >> Method: com.mchange.v2.resourcepool.BasicResourcePool.decrementPendingAcquires(BasicResourcePool.java:422) ]
DEBUG:decremented pending_acquires: 1
2020-10-06 19:52:33 下午 [Thread: com.mchange.v2.async.ThreadPoolAsynchronousRunner$PoolThread-#1][ Class:com.mchange.v2.c3p0.impl.C3P0PooledConnectionPool >> Method: com.mchange.v2.c3p0.impl.C3P0PooledConnectionPool$1PooledConnectionResourcePoolManager.acquireResource(C3P0PooledConnectionPool.java:217) ]
DEBUG:com.mchange.v2.c3p0.impl.C3P0PooledConnectionPool$1PooledConnectionResourcePoolManager@b48625b.acquireResource() returning. 
2020-10-06 19:52:33 下午 [Thread: com.mchange.v2.async.ThreadPoolAsynchronousRunner$PoolThread-#1][ Class:com.mchange.v2.resourcepool.BasicResourcePool >> Method: com.mchange.v2.resourcepool.BasicResourcePool.trace(BasicResourcePool.java:1644) ]
DEBUG:trace com.mchange.v2.resourcepool.BasicResourcePool@4fce136b [managed: 3, unused: 2, excluded: 0] (e.g. com.mchange.v2.c3p0.impl.NewPooledConnection@105ee4ea)
2020-10-06 19:52:33 下午 [Thread: com.mchange.v2.async.ThreadPoolAsynchronousRunner$PoolThread-#1][ Class:com.mchange.v2.resourcepool.BasicResourcePool >> Method: com.mchange.v2.resourcepool.BasicResourcePool.decrementPendingAcquires(BasicResourcePool.java:422) ]
DEBUG:decremented pending_acquires: 0
2020-10-06 19:52:33 下午 [Thread: main][ Class:com.mchange.v2.resourcepool.BasicResourcePool >> Method: com.mchange.v2.resourcepool.BasicResourcePool.trace(BasicResourcePool.java:1644) ]
DEBUG:trace com.mchange.v2.resourcepool.BasicResourcePool@4fce136b [managed: 3, unused: 2, excluded: 0] (e.g. com.mchange.v2.c3p0.impl.NewPooledConnection@105ee4ea)
2020-10-06 19:52:35 下午 [Thread: main][ Class:com.brianyi.service.impl.UserServiceImpl >> Method: com.brianyi.service.impl.UserServiceImpl.justified(UserServiceImpl.java:182) ]
ERROR:上链失败
2020-10-06 19:54:01 下午 [Thread: main][ Class:com.mchange.v2.log.MLog >> Method: com.mchange.v2.log.MLog.<clinit>(MLog.java:80) ]
INFO:MLog clients using log4j logging.
2020-10-06 19:54:02 下午 [Thread: main][ Class:com.mchange.v2.c3p0.C3P0Registry >> Method: com.mchange.v2.c3p0.C3P0Registry.banner(C3P0Registry.java:204) ]
INFO:Initializing c3p0-0.9.1.2 [built 21-May-2007 15:04:56; debug? true; trace: 10]
2020-10-06 19:54:02 下午 [Thread: main][ Class:com.mchange.v2.c3p0.management.DynamicPooledDataSourceManagerMBean >> Method: com.mchange.v2.c3p0.management.DynamicPooledDataSourceManagerMBean.reinitialize(DynamicPooledDataSourceManagerMBean.java:236) ]
DEBUG:MBean: com.mchange.v2.c3p0:type=PooledDataSource[1hgeby9ac1yer0zg1hf3n7n|4bff7da0] registered.
2020-10-06 19:54:03 下午 [Thread: main][ Class:com.mchange.v2.resourcepool.BasicResourcePool >> Method: com.mchange.v2.resourcepool.BasicResourcePool.incrementPendingAcquires(BasicResourcePool.java:404) ]
DEBUG:incremented pending_acquires: 1
2020-10-06 19:54:03 下午 [Thread: main][ Class:com.mchange.v2.resourcepool.BasicResourcePool >> Method: com.mchange.v2.resourcepool.BasicResourcePool.incrementPendingAcquires(BasicResourcePool.java:404) ]
DEBUG:incremented pending_acquires: 2
2020-10-06 19:54:03 下午 [Thread: main][ Class:com.mchange.v2.resourcepool.BasicResourcePool >> Method: com.mchange.v2.resourcepool.BasicResourcePool.incrementPendingAcquires(BasicResourcePool.java:404) ]
DEBUG:incremented pending_acquires: 3
2020-10-06 19:54:03 下午 [Thread: main][ Class:com.mchange.v2.resourcepool.BasicResourcePool >> Method: com.mchange.v2.resourcepool.BasicResourcePool.<init>(BasicResourcePool.java:289) ]
DEBUG:com.mchange.v2.resourcepool.BasicResourcePool@4fce136b config: [start -> 3; min -> 3; max -> 15; inc -> 3; num_acq_attempts -> 30; acq_attempt_delay -> 1000; check_idle_resources_delay -> 0; mox_resource_age -> 0; max_idle_time -> 0; excess_max_idle_time -> 0; destroy_unreturned_resc_time -> 0; expiration_enforcement_delay -> 0; break_on_acquisition_failure -> false; debug_store_checkout_exceptions -> false]
2020-10-06 19:54:03 下午 [Thread: main][ Class:com.mchange.v2.c3p0.impl.AbstractPoolBackedDataSource >> Method: com.mchange.v2.c3p0.impl.AbstractPoolBackedDataSource.getPoolManager(AbstractPoolBackedDataSource.java:462) ]
INFO:Initializing c3p0 pool... com.mchange.v2.c3p0.ComboPooledDataSource [ acquireIncrement -> 3, acquireRetryAttempts -> 30, acquireRetryDelay -> 1000, autoCommitOnClose -> false, automaticTestTable -> null, breakAfterAcquireFailure -> false, checkoutTimeout -> 0, connectionCustomizerClassName -> null, connectionTesterClassName -> com.mchange.v2.c3p0.impl.DefaultConnectionTester, dataSourceName -> 1hgeby9ac1yer0zg1hf3n7n|4bff7da0, debugUnreturnedConnectionStackTraces -> false, description -> null, driverClass -> com.mysql.jdbc.Driver, factoryClassLocation -> null, forceIgnoreUnresolvedTransactions -> false, identityToken -> 1hgeby9ac1yer0zg1hf3n7n|4bff7da0, idleConnectionTestPeriod -> 0, initialPoolSize -> 3, jdbcUrl -> jdbc:mysql://120.27.242.143:3306/wordguardian?useUnicode=true&characterEncoding=UTF-8&autoReconnect=true&failOverReadOnly=false, maxAdministrativeTaskTime -> 0, maxConnectionAge -> 0, maxIdleTime -> 0, maxIdleTimeExcessConnections -> 0, maxPoolSize -> 15, maxStatements -> 0, maxStatementsPerConnection -> 0, minPoolSize -> 3, numHelperThreads -> 3, numThreadsAwaitingCheckoutDefaultUser -> 0, preferredTestQuery -> null, properties -> {password=******, user=******}, propertyCycle -> 0, testConnectionOnCheckin -> false, testConnectionOnCheckout -> false, unreturnedConnectionTimeout -> 0, usesTraditionalReflectiveProxies -> false ]
2020-10-06 19:54:03 下午 [Thread: main][ Class:com.mchange.v2.resourcepool.BasicResourcePool >> Method: com.mchange.v2.resourcepool.BasicResourcePool.prelimCheckoutResource(BasicResourcePool.java:538) ]
DEBUG:acquire test -- pool size: 0; target_pool_size: 3; desired target? 1
2020-10-06 19:54:03 下午 [Thread: main][ Class:com.mchange.v2.resourcepool.BasicResourcePool >> Method: com.mchange.v2.resourcepool.BasicResourcePool.awaitAvailable(BasicResourcePool.java:1291) ]
DEBUG:awaitAvailable(): [unknown]
2020-10-06 19:54:03 下午 [Thread: main][ Class:com.mchange.v2.resourcepool.BasicResourcePool >> Method: com.mchange.v2.resourcepool.BasicResourcePool.trace(BasicResourcePool.java:1644) ]
DEBUG:trace com.mchange.v2.resourcepool.BasicResourcePool@4fce136b [managed: 0, unused: 0, excluded: 0]
2020-10-06 19:54:03 下午 [Thread: com.mchange.v2.async.ThreadPoolAsynchronousRunner$PoolThread-#1][ Class:com.mchange.v2.c3p0.impl.C3P0PooledConnectionPool >> Method: com.mchange.v2.c3p0.impl.C3P0PooledConnectionPool$1PooledConnectionResourcePoolManager.acquireResource(C3P0PooledConnectionPool.java:217) ]
DEBUG:com.mchange.v2.c3p0.impl.C3P0PooledConnectionPool$1PooledConnectionResourcePoolManager@5064ae75.acquireResource() returning. 
2020-10-06 19:54:03 下午 [Thread: com.mchange.v2.async.ThreadPoolAsynchronousRunner$PoolThread-#0][ Class:com.mchange.v2.c3p0.impl.C3P0PooledConnectionPool >> Method: com.mchange.v2.c3p0.impl.C3P0PooledConnectionPool$1PooledConnectionResourcePoolManager.acquireResource(C3P0PooledConnectionPool.java:217) ]
DEBUG:com.mchange.v2.c3p0.impl.C3P0PooledConnectionPool$1PooledConnectionResourcePoolManager@5064ae75.acquireResource() returning. 
2020-10-06 19:54:03 下午 [Thread: com.mchange.v2.async.ThreadPoolAsynchronousRunner$PoolThread-#2][ Class:com.mchange.v2.c3p0.impl.C3P0PooledConnectionPool >> Method: com.mchange.v2.c3p0.impl.C3P0PooledConnectionPool$1PooledConnectionResourcePoolManager.acquireResource(C3P0PooledConnectionPool.java:217) ]
DEBUG:com.mchange.v2.c3p0.impl.C3P0PooledConnectionPool$1PooledConnectionResourcePoolManager@5064ae75.acquireResource() returning. 
2020-10-06 19:54:03 下午 [Thread: com.mchange.v2.async.ThreadPoolAsynchronousRunner$PoolThread-#1][ Class:com.mchange.v2.resourcepool.BasicResourcePool >> Method: com.mchange.v2.resourcepool.BasicResourcePool.trace(BasicResourcePool.java:1644) ]
DEBUG:trace com.mchange.v2.resourcepool.BasicResourcePool@4fce136b [managed: 1, unused: 1, excluded: 0]
2020-10-06 19:54:03 下午 [Thread: com.mchange.v2.async.ThreadPoolAsynchronousRunner$PoolThread-#1][ Class:com.mchange.v2.resourcepool.BasicResourcePool >> Method: com.mchange.v2.resourcepool.BasicResourcePool.decrementPendingAcquires(BasicResourcePool.java:422) ]
DEBUG:decremented pending_acquires: 2
2020-10-06 19:54:03 下午 [Thread: com.mchange.v2.async.ThreadPoolAsynchronousRunner$PoolThread-#2][ Class:com.mchange.v2.resourcepool.BasicResourcePool >> Method: com.mchange.v2.resourcepool.BasicResourcePool.trace(BasicResourcePool.java:1644) ]
DEBUG:trace com.mchange.v2.resourcepool.BasicResourcePool@4fce136b [managed: 2, unused: 1, excluded: 0] (e.g. com.mchange.v2.c3p0.impl.NewPooledConnection@7c5e41dd)
2020-10-06 19:54:03 下午 [Thread: com.mchange.v2.async.ThreadPoolAsynchronousRunner$PoolThread-#2][ Class:com.mchange.v2.resourcepool.BasicResourcePool >> Method: com.mchange.v2.resourcepool.BasicResourcePool.decrementPendingAcquires(BasicResourcePool.java:422) ]
DEBUG:decremented pending_acquires: 1
2020-10-06 19:54:03 下午 [Thread: com.mchange.v2.async.ThreadPoolAsynchronousRunner$PoolThread-#0][ Class:com.mchange.v2.resourcepool.BasicResourcePool >> Method: com.mchange.v2.resourcepool.BasicResourcePool.trace(BasicResourcePool.java:1644) ]
DEBUG:trace com.mchange.v2.resourcepool.BasicResourcePool@4fce136b [managed: 3, unused: 2, excluded: 0] (e.g. com.mchange.v2.c3p0.impl.NewPooledConnection@7c5e41dd)
2020-10-06 19:54:03 下午 [Thread: com.mchange.v2.async.ThreadPoolAsynchronousRunner$PoolThread-#0][ Class:com.mchange.v2.resourcepool.BasicResourcePool >> Method: com.mchange.v2.resourcepool.BasicResourcePool.decrementPendingAcquires(BasicResourcePool.java:422) ]
DEBUG:decremented pending_acquires: 0
2020-10-06 19:54:03 下午 [Thread: main][ Class:com.mchange.v2.resourcepool.BasicResourcePool >> Method: com.mchange.v2.resourcepool.BasicResourcePool.trace(BasicResourcePool.java:1644) ]
DEBUG:trace com.mchange.v2.resourcepool.BasicResourcePool@4fce136b [managed: 3, unused: 2, excluded: 0] (e.g. com.mchange.v2.c3p0.impl.NewPooledConnection@7c5e41dd)
2020-10-06 19:54:03 下午 [Thread: main][ Class:com.mchange.v2.resourcepool.BasicResourcePool >> Method: com.mchange.v2.resourcepool.BasicResourcePool.trace(BasicResourcePool.java:1644) ]
DEBUG:trace com.mchange.v2.resourcepool.BasicResourcePool@4fce136b [managed: 3, unused: 2, excluded: 0] (e.g. com.mchange.v2.c3p0.impl.NewPooledConnection@7c5e41dd)
2020-10-06 19:54:05 下午 [Thread: main][ Class:com.brianyi.service.impl.UserServiceImpl >> Method: com.brianyi.service.impl.UserServiceImpl.justified(UserServiceImpl.java:182) ]
ERROR:上链失败
2020-10-06 19:59:48 下午 [Thread: main][ Class:com.mchange.v2.log.MLog >> Method: com.mchange.v2.log.MLog.<clinit>(MLog.java:80) ]
INFO:MLog clients using log4j logging.
2020-10-06 19:59:49 下午 [Thread: main][ Class:com.mchange.v2.c3p0.C3P0Registry >> Method: com.mchange.v2.c3p0.C3P0Registry.banner(C3P0Registry.java:204) ]
INFO:Initializing c3p0-0.9.1.2 [built 21-May-2007 15:04:56; debug? true; trace: 10]
2020-10-06 19:59:49 下午 [Thread: main][ Class:com.mchange.v2.c3p0.management.DynamicPooledDataSourceManagerMBean >> Method: com.mchange.v2.c3p0.management.DynamicPooledDataSourceManagerMBean.reinitialize(DynamicPooledDataSourceManagerMBean.java:236) ]
DEBUG:MBean: com.mchange.v2.c3p0:type=PooledDataSource[1hgeby9ac1yeygphqe6w4a|4bff7da0] registered.
2020-10-06 19:59:50 下午 [Thread: main][ Class:com.mchange.v2.resourcepool.BasicResourcePool >> Method: com.mchange.v2.resourcepool.BasicResourcePool.incrementPendingAcquires(BasicResourcePool.java:404) ]
DEBUG:incremented pending_acquires: 1
2020-10-06 19:59:50 下午 [Thread: main][ Class:com.mchange.v2.resourcepool.BasicResourcePool >> Method: com.mchange.v2.resourcepool.BasicResourcePool.incrementPendingAcquires(BasicResourcePool.java:404) ]
DEBUG:incremented pending_acquires: 2
2020-10-06 19:59:50 下午 [Thread: main][ Class:com.mchange.v2.resourcepool.BasicResourcePool >> Method: com.mchange.v2.resourcepool.BasicResourcePool.incrementPendingAcquires(BasicResourcePool.java:404) ]
DEBUG:incremented pending_acquires: 3
2020-10-06 19:59:50 下午 [Thread: main][ Class:com.mchange.v2.resourcepool.BasicResourcePool >> Method: com.mchange.v2.resourcepool.BasicResourcePool.<init>(BasicResourcePool.java:289) ]
DEBUG:com.mchange.v2.resourcepool.BasicResourcePool@4fce136b config: [start -> 3; min -> 3; max -> 15; inc -> 3; num_acq_attempts -> 30; acq_attempt_delay -> 1000; check_idle_resources_delay -> 0; mox_resource_age -> 0; max_idle_time -> 0; excess_max_idle_time -> 0; destroy_unreturned_resc_time -> 0; expiration_enforcement_delay -> 0; break_on_acquisition_failure -> false; debug_store_checkout_exceptions -> false]
2020-10-06 19:59:50 下午 [Thread: main][ Class:com.mchange.v2.c3p0.impl.AbstractPoolBackedDataSource >> Method: com.mchange.v2.c3p0.impl.AbstractPoolBackedDataSource.getPoolManager(AbstractPoolBackedDataSource.java:462) ]
INFO:Initializing c3p0 pool... com.mchange.v2.c3p0.ComboPooledDataSource [ acquireIncrement -> 3, acquireRetryAttempts -> 30, acquireRetryDelay -> 1000, autoCommitOnClose -> false, automaticTestTable -> null, breakAfterAcquireFailure -> false, checkoutTimeout -> 0, connectionCustomizerClassName -> null, connectionTesterClassName -> com.mchange.v2.c3p0.impl.DefaultConnectionTester, dataSourceName -> 1hgeby9ac1yeygphqe6w4a|4bff7da0, debugUnreturnedConnectionStackTraces -> false, description -> null, driverClass -> com.mysql.jdbc.Driver, factoryClassLocation -> null, forceIgnoreUnresolvedTransactions -> false, identityToken -> 1hgeby9ac1yeygphqe6w4a|4bff7da0, idleConnectionTestPeriod -> 0, initialPoolSize -> 3, jdbcUrl -> jdbc:mysql://120.27.242.143:3306/wordguardian?useUnicode=true&characterEncoding=UTF-8&autoReconnect=true&failOverReadOnly=false, maxAdministrativeTaskTime -> 0, maxConnectionAge -> 0, maxIdleTime -> 0, maxIdleTimeExcessConnections -> 0, maxPoolSize -> 15, maxStatements -> 0, maxStatementsPerConnection -> 0, minPoolSize -> 3, numHelperThreads -> 3, numThreadsAwaitingCheckoutDefaultUser -> 0, preferredTestQuery -> null, properties -> {password=******, user=******}, propertyCycle -> 0, testConnectionOnCheckin -> false, testConnectionOnCheckout -> false, unreturnedConnectionTimeout -> 0, usesTraditionalReflectiveProxies -> false ]
2020-10-06 19:59:50 下午 [Thread: main][ Class:com.mchange.v2.resourcepool.BasicResourcePool >> Method: com.mchange.v2.resourcepool.BasicResourcePool.prelimCheckoutResource(BasicResourcePool.java:538) ]
DEBUG:acquire test -- pool size: 0; target_pool_size: 3; desired target? 1
2020-10-06 19:59:50 下午 [Thread: main][ Class:com.mchange.v2.resourcepool.BasicResourcePool >> Method: com.mchange.v2.resourcepool.BasicResourcePool.awaitAvailable(BasicResourcePool.java:1291) ]
DEBUG:awaitAvailable(): [unknown]
2020-10-06 19:59:50 下午 [Thread: main][ Class:com.mchange.v2.resourcepool.BasicResourcePool >> Method: com.mchange.v2.resourcepool.BasicResourcePool.trace(BasicResourcePool.java:1644) ]
DEBUG:trace com.mchange.v2.resourcepool.BasicResourcePool@4fce136b [managed: 0, unused: 0, excluded: 0]
2020-10-06 19:59:50 下午 [Thread: com.mchange.v2.async.ThreadPoolAsynchronousRunner$PoolThread-#2][ Class:com.mchange.v2.c3p0.impl.C3P0PooledConnectionPool >> Method: com.mchange.v2.c3p0.impl.C3P0PooledConnectionPool$1PooledConnectionResourcePoolManager.acquireResource(C3P0PooledConnectionPool.java:217) ]
DEBUG:com.mchange.v2.c3p0.impl.C3P0PooledConnectionPool$1PooledConnectionResourcePoolManager@ebb4f63.acquireResource() returning. 
2020-10-06 19:59:50 下午 [Thread: com.mchange.v2.async.ThreadPoolAsynchronousRunner$PoolThread-#1][ Class:com.mchange.v2.c3p0.impl.C3P0PooledConnectionPool >> Method: com.mchange.v2.c3p0.impl.C3P0PooledConnectionPool$1PooledConnectionResourcePoolManager.acquireResource(C3P0PooledConnectionPool.java:217) ]
DEBUG:com.mchange.v2.c3p0.impl.C3P0PooledConnectionPool$1PooledConnectionResourcePoolManager@ebb4f63.acquireResource() returning. 
2020-10-06 19:59:50 下午 [Thread: com.mchange.v2.async.ThreadPoolAsynchronousRunner$PoolThread-#0][ Class:com.mchange.v2.c3p0.impl.C3P0PooledConnectionPool >> Method: com.mchange.v2.c3p0.impl.C3P0PooledConnectionPool$1PooledConnectionResourcePoolManager.acquireResource(C3P0PooledConnectionPool.java:217) ]
DEBUG:com.mchange.v2.c3p0.impl.C3P0PooledConnectionPool$1PooledConnectionResourcePoolManager@ebb4f63.acquireResource() returning. 
2020-10-06 19:59:50 下午 [Thread: com.mchange.v2.async.ThreadPoolAsynchronousRunner$PoolThread-#2][ Class:com.mchange.v2.resourcepool.BasicResourcePool >> Method: com.mchange.v2.resourcepool.BasicResourcePool.trace(BasicResourcePool.java:1644) ]
DEBUG:trace com.mchange.v2.resourcepool.BasicResourcePool@4fce136b [managed: 1, unused: 1, excluded: 0]
2020-10-06 19:59:50 下午 [Thread: com.mchange.v2.async.ThreadPoolAsynchronousRunner$PoolThread-#2][ Class:com.mchange.v2.resourcepool.BasicResourcePool >> Method: com.mchange.v2.resourcepool.BasicResourcePool.decrementPendingAcquires(BasicResourcePool.java:422) ]
DEBUG:decremented pending_acquires: 2
2020-10-06 19:59:50 下午 [Thread: com.mchange.v2.async.ThreadPoolAsynchronousRunner$PoolThread-#0][ Class:com.mchange.v2.resourcepool.BasicResourcePool >> Method: com.mchange.v2.resourcepool.BasicResourcePool.trace(BasicResourcePool.java:1644) ]
DEBUG:trace com.mchange.v2.resourcepool.BasicResourcePool@4fce136b [managed: 2, unused: 1, excluded: 0] (e.g. com.mchange.v2.c3p0.impl.NewPooledConnection@4e959fa6)
2020-10-06 19:59:50 下午 [Thread: com.mchange.v2.async.ThreadPoolAsynchronousRunner$PoolThread-#1][ Class:com.mchange.v2.resourcepool.BasicResourcePool >> Method: com.mchange.v2.resourcepool.BasicResourcePool.trace(BasicResourcePool.java:1644) ]
DEBUG:trace com.mchange.v2.resourcepool.BasicResourcePool@4fce136b [managed: 3, unused: 2, excluded: 0] (e.g. com.mchange.v2.c3p0.impl.NewPooledConnection@4e959fa6)
2020-10-06 19:59:50 下午 [Thread: com.mchange.v2.async.ThreadPoolAsynchronousRunner$PoolThread-#1][ Class:com.mchange.v2.resourcepool.BasicResourcePool >> Method: com.mchange.v2.resourcepool.BasicResourcePool.decrementPendingAcquires(BasicResourcePool.java:422) ]
DEBUG:decremented pending_acquires: 1
2020-10-06 19:59:50 下午 [Thread: com.mchange.v2.async.ThreadPoolAsynchronousRunner$PoolThread-#0][ Class:com.mchange.v2.resourcepool.BasicResourcePool >> Method: com.mchange.v2.resourcepool.BasicResourcePool.decrementPendingAcquires(BasicResourcePool.java:422) ]
DEBUG:decremented pending_acquires: 0
2020-10-06 19:59:50 下午 [Thread: main][ Class:com.mchange.v2.resourcepool.BasicResourcePool >> Method: com.mchange.v2.resourcepool.BasicResourcePool.trace(BasicResourcePool.java:1644) ]
DEBUG:trace com.mchange.v2.resourcepool.BasicResourcePool@4fce136b [managed: 3, unused: 2, excluded: 0] (e.g. com.mchange.v2.c3p0.impl.NewPooledConnection@4e959fa6)
2020-10-06 19:59:50 下午 [Thread: main][ Class:com.mchange.v2.resourcepool.BasicResourcePool >> Method: com.mchange.v2.resourcepool.BasicResourcePool.trace(BasicResourcePool.java:1644) ]
DEBUG:trace com.mchange.v2.resourcepool.BasicResourcePool@4fce136b [managed: 3, unused: 2, excluded: 0] (e.g. com.mchange.v2.c3p0.impl.NewPooledConnection@4e959fa6)
2020-10-06 19:59:52 下午 [Thread: main][ Class:com.brianyi.service.impl.UserServiceImpl >> Method: com.brianyi.service.impl.UserServiceImpl.justified(UserServiceImpl.java:182) ]
ERROR:上链失败
2020-10-06 20:03:32 下午 [Thread: main][ Class:com.mchange.v2.log.MLog >> Method: com.mchange.v2.log.MLog.<clinit>(MLog.java:80) ]
INFO:MLog clients using log4j logging.
2020-10-06 20:03:33 下午 [Thread: main][ Class:com.mchange.v2.c3p0.C3P0Registry >> Method: com.mchange.v2.c3p0.C3P0Registry.banner(C3P0Registry.java:204) ]
INFO:Initializing c3p0-0.9.1.2 [built 21-May-2007 15:04:56; debug? true; trace: 10]
2020-10-06 20:03:33 下午 [Thread: main][ Class:com.mchange.v2.c3p0.management.DynamicPooledDataSourceManagerMBean >> Method: com.mchange.v2.c3p0.management.DynamicPooledDataSourceManagerMBean.reinitialize(DynamicPooledDataSourceManagerMBean.java:236) ]
DEBUG:MBean: com.mchange.v2.c3p0:type=PooledDataSource[1hgeby9ac1yf392r1pg14fx|4bff7da0] registered.
2020-10-06 20:03:33 下午 [Thread: main][ Class:com.mchange.v2.resourcepool.BasicResourcePool >> Method: com.mchange.v2.resourcepool.BasicResourcePool.incrementPendingAcquires(BasicResourcePool.java:404) ]
DEBUG:incremented pending_acquires: 1
2020-10-06 20:03:33 下午 [Thread: main][ Class:com.mchange.v2.resourcepool.BasicResourcePool >> Method: com.mchange.v2.resourcepool.BasicResourcePool.incrementPendingAcquires(BasicResourcePool.java:404) ]
DEBUG:incremented pending_acquires: 2
2020-10-06 20:03:33 下午 [Thread: main][ Class:com.mchange.v2.resourcepool.BasicResourcePool >> Method: com.mchange.v2.resourcepool.BasicResourcePool.incrementPendingAcquires(BasicResourcePool.java:404) ]
DEBUG:incremented pending_acquires: 3
2020-10-06 20:03:33 下午 [Thread: main][ Class:com.mchange.v2.resourcepool.BasicResourcePool >> Method: com.mchange.v2.resourcepool.BasicResourcePool.<init>(BasicResourcePool.java:289) ]
DEBUG:com.mchange.v2.resourcepool.BasicResourcePool@4fce136b config: [start -> 3; min -> 3; max -> 15; inc -> 3; num_acq_attempts -> 30; acq_attempt_delay -> 1000; check_idle_resources_delay -> 0; mox_resource_age -> 0; max_idle_time -> 0; excess_max_idle_time -> 0; destroy_unreturned_resc_time -> 0; expiration_enforcement_delay -> 0; break_on_acquisition_failure -> false; debug_store_checkout_exceptions -> false]
2020-10-06 20:03:33 下午 [Thread: main][ Class:com.mchange.v2.c3p0.impl.AbstractPoolBackedDataSource >> Method: com.mchange.v2.c3p0.impl.AbstractPoolBackedDataSource.getPoolManager(AbstractPoolBackedDataSource.java:462) ]
INFO:Initializing c3p0 pool... com.mchange.v2.c3p0.ComboPooledDataSource [ acquireIncrement -> 3, acquireRetryAttempts -> 30, acquireRetryDelay -> 1000, autoCommitOnClose -> false, automaticTestTable -> null, breakAfterAcquireFailure -> false, checkoutTimeout -> 0, connectionCustomizerClassName -> null, connectionTesterClassName -> com.mchange.v2.c3p0.impl.DefaultConnectionTester, dataSourceName -> 1hgeby9ac1yf392r1pg14fx|4bff7da0, debugUnreturnedConnectionStackTraces -> false, description -> null, driverClass -> com.mysql.jdbc.Driver, factoryClassLocation -> null, forceIgnoreUnresolvedTransactions -> false, identityToken -> 1hgeby9ac1yf392r1pg14fx|4bff7da0, idleConnectionTestPeriod -> 0, initialPoolSize -> 3, jdbcUrl -> jdbc:mysql://120.27.242.143:3306/wordguardian?useUnicode=true&characterEncoding=UTF-8&autoReconnect=true&failOverReadOnly=false, maxAdministrativeTaskTime -> 0, maxConnectionAge -> 0, maxIdleTime -> 0, maxIdleTimeExcessConnections -> 0, maxPoolSize -> 15, maxStatements -> 0, maxStatementsPerConnection -> 0, minPoolSize -> 3, numHelperThreads -> 3, numThreadsAwaitingCheckoutDefaultUser -> 0, preferredTestQuery -> null, properties -> {password=******, user=******}, propertyCycle -> 0, testConnectionOnCheckin -> false, testConnectionOnCheckout -> false, unreturnedConnectionTimeout -> 0, usesTraditionalReflectiveProxies -> false ]
2020-10-06 20:03:33 下午 [Thread: main][ Class:com.mchange.v2.resourcepool.BasicResourcePool >> Method: com.mchange.v2.resourcepool.BasicResourcePool.prelimCheckoutResource(BasicResourcePool.java:538) ]
DEBUG:acquire test -- pool size: 0; target_pool_size: 3; desired target? 1
2020-10-06 20:03:33 下午 [Thread: main][ Class:com.mchange.v2.resourcepool.BasicResourcePool >> Method: com.mchange.v2.resourcepool.BasicResourcePool.awaitAvailable(BasicResourcePool.java:1291) ]
DEBUG:awaitAvailable(): [unknown]
2020-10-06 20:03:33 下午 [Thread: main][ Class:com.mchange.v2.resourcepool.BasicResourcePool >> Method: com.mchange.v2.resourcepool.BasicResourcePool.trace(BasicResourcePool.java:1644) ]
DEBUG:trace com.mchange.v2.resourcepool.BasicResourcePool@4fce136b [managed: 0, unused: 0, excluded: 0]
2020-10-06 20:03:34 下午 [Thread: com.mchange.v2.async.ThreadPoolAsynchronousRunner$PoolThread-#2][ Class:com.mchange.v2.c3p0.impl.C3P0PooledConnectionPool >> Method: com.mchange.v2.c3p0.impl.C3P0PooledConnectionPool$1PooledConnectionResourcePoolManager.acquireResource(C3P0PooledConnectionPool.java:217) ]
DEBUG:com.mchange.v2.c3p0.impl.C3P0PooledConnectionPool$1PooledConnectionResourcePoolManager@322bb7cb.acquireResource() returning. 
2020-10-06 20:03:34 下午 [Thread: com.mchange.v2.async.ThreadPoolAsynchronousRunner$PoolThread-#1][ Class:com.mchange.v2.c3p0.impl.C3P0PooledConnectionPool >> Method: com.mchange.v2.c3p0.impl.C3P0PooledConnectionPool$1PooledConnectionResourcePoolManager.acquireResource(C3P0PooledConnectionPool.java:217) ]
DEBUG:com.mchange.v2.c3p0.impl.C3P0PooledConnectionPool$1PooledConnectionResourcePoolManager@322bb7cb.acquireResource() returning. 
2020-10-06 20:03:34 下午 [Thread: com.mchange.v2.async.ThreadPoolAsynchronousRunner$PoolThread-#2][ Class:com.mchange.v2.resourcepool.BasicResourcePool >> Method: com.mchange.v2.resourcepool.BasicResourcePool.trace(BasicResourcePool.java:1644) ]
DEBUG:trace com.mchange.v2.resourcepool.BasicResourcePool@4fce136b [managed: 1, unused: 1, excluded: 0]
2020-10-06 20:03:34 下午 [Thread: com.mchange.v2.async.ThreadPoolAsynchronousRunner$PoolThread-#0][ Class:com.mchange.v2.c3p0.impl.C3P0PooledConnectionPool >> Method: com.mchange.v2.c3p0.impl.C3P0PooledConnectionPool$1PooledConnectionResourcePoolManager.acquireResource(C3P0PooledConnectionPool.java:217) ]
DEBUG:com.mchange.v2.c3p0.impl.C3P0PooledConnectionPool$1PooledConnectionResourcePoolManager@322bb7cb.acquireResource() returning. 
2020-10-06 20:03:34 下午 [Thread: com.mchange.v2.async.ThreadPoolAsynchronousRunner$PoolThread-#2][ Class:com.mchange.v2.resourcepool.BasicResourcePool >> Method: com.mchange.v2.resourcepool.BasicResourcePool.decrementPendingAcquires(BasicResourcePool.java:422) ]
DEBUG:decremented pending_acquires: 2
2020-10-06 20:03:34 下午 [Thread: com.mchange.v2.async.ThreadPoolAsynchronousRunner$PoolThread-#1][ Class:com.mchange.v2.resourcepool.BasicResourcePool >> Method: com.mchange.v2.resourcepool.BasicResourcePool.trace(BasicResourcePool.java:1644) ]
DEBUG:trace com.mchange.v2.resourcepool.BasicResourcePool@4fce136b [managed: 2, unused: 1, excluded: 0] (e.g. com.mchange.v2.c3p0.impl.NewPooledConnection@12200755)
2020-10-06 20:03:34 下午 [Thread: com.mchange.v2.async.ThreadPoolAsynchronousRunner$PoolThread-#1][ Class:com.mchange.v2.resourcepool.BasicResourcePool >> Method: com.mchange.v2.resourcepool.BasicResourcePool.decrementPendingAcquires(BasicResourcePool.java:422) ]
DEBUG:decremented pending_acquires: 1
2020-10-06 20:03:34 下午 [Thread: com.mchange.v2.async.ThreadPoolAsynchronousRunner$PoolThread-#0][ Class:com.mchange.v2.resourcepool.BasicResourcePool >> Method: com.mchange.v2.resourcepool.BasicResourcePool.trace(BasicResourcePool.java:1644) ]
DEBUG:trace com.mchange.v2.resourcepool.BasicResourcePool@4fce136b [managed: 3, unused: 2, excluded: 0] (e.g. com.mchange.v2.c3p0.impl.NewPooledConnection@12200755)
2020-10-06 20:03:34 下午 [Thread: com.mchange.v2.async.ThreadPoolAsynchronousRunner$PoolThread-#0][ Class:com.mchange.v2.resourcepool.BasicResourcePool >> Method: com.mchange.v2.resourcepool.BasicResourcePool.decrementPendingAcquires(BasicResourcePool.java:422) ]
DEBUG:decremented pending_acquires: 0
2020-10-06 20:03:34 下午 [Thread: main][ Class:com.mchange.v2.resourcepool.BasicResourcePool >> Method: com.mchange.v2.resourcepool.BasicResourcePool.trace(BasicResourcePool.java:1644) ]
DEBUG:trace com.mchange.v2.resourcepool.BasicResourcePool@4fce136b [managed: 3, unused: 2, excluded: 0] (e.g. com.mchange.v2.c3p0.impl.NewPooledConnection@12200755)
2020-10-06 20:03:34 下午 [Thread: main][ Class:com.mchange.v2.resourcepool.BasicResourcePool >> Method: com.mchange.v2.resourcepool.BasicResourcePool.trace(BasicResourcePool.java:1644) ]
DEBUG:trace com.mchange.v2.resourcepool.BasicResourcePool@4fce136b [managed: 3, unused: 2, excluded: 0] (e.g. com.mchange.v2.c3p0.impl.NewPooledConnection@12200755)
2020-10-06 20:03:35 下午 [Thread: main][ Class:com.brianyi.service.impl.UserServiceImpl >> Method: com.brianyi.service.impl.UserServiceImpl.justified(UserServiceImpl.java:220) ]
ERROR:上链失败
2020-10-06 20:04:02 下午 [Thread: main][ Class:com.mchange.v2.log.MLog >> Method: com.mchange.v2.log.MLog.<clinit>(MLog.java:80) ]
INFO:MLog clients using log4j logging.
2020-10-06 20:04:03 下午 [Thread: main][ Class:com.mchange.v2.c3p0.C3P0Registry >> Method: com.mchange.v2.c3p0.C3P0Registry.banner(C3P0Registry.java:204) ]
INFO:Initializing c3p0-0.9.1.2 [built 21-May-2007 15:04:56; debug? true; trace: 10]
2020-10-06 20:04:03 下午 [Thread: main][ Class:com.mchange.v2.c3p0.management.DynamicPooledDataSourceManagerMBean >> Method: com.mchange.v2.c3p0.management.DynamicPooledDataSourceManagerMBean.reinitialize(DynamicPooledDataSourceManagerMBean.java:236) ]
DEBUG:MBean: com.mchange.v2.c3p0:type=PooledDataSource[1hgeby9ac1yf3w5vse2k12|4bff7da0] registered.
2020-10-06 20:04:03 下午 [Thread: main][ Class:com.mchange.v2.resourcepool.BasicResourcePool >> Method: com.mchange.v2.resourcepool.BasicResourcePool.incrementPendingAcquires(BasicResourcePool.java:404) ]
DEBUG:incremented pending_acquires: 1
2020-10-06 20:04:03 下午 [Thread: main][ Class:com.mchange.v2.resourcepool.BasicResourcePool >> Method: com.mchange.v2.resourcepool.BasicResourcePool.incrementPendingAcquires(BasicResourcePool.java:404) ]
DEBUG:incremented pending_acquires: 2
2020-10-06 20:04:03 下午 [Thread: main][ Class:com.mchange.v2.resourcepool.BasicResourcePool >> Method: com.mchange.v2.resourcepool.BasicResourcePool.incrementPendingAcquires(BasicResourcePool.java:404) ]
DEBUG:incremented pending_acquires: 3
2020-10-06 20:04:03 下午 [Thread: main][ Class:com.mchange.v2.resourcepool.BasicResourcePool >> Method: com.mchange.v2.resourcepool.BasicResourcePool.<init>(BasicResourcePool.java:289) ]
DEBUG:com.mchange.v2.resourcepool.BasicResourcePool@4fce136b config: [start -> 3; min -> 3; max -> 15; inc -> 3; num_acq_attempts -> 30; acq_attempt_delay -> 1000; check_idle_resources_delay -> 0; mox_resource_age -> 0; max_idle_time -> 0; excess_max_idle_time -> 0; destroy_unreturned_resc_time -> 0; expiration_enforcement_delay -> 0; break_on_acquisition_failure -> false; debug_store_checkout_exceptions -> false]
2020-10-06 20:04:03 下午 [Thread: main][ Class:com.mchange.v2.c3p0.impl.AbstractPoolBackedDataSource >> Method: com.mchange.v2.c3p0.impl.AbstractPoolBackedDataSource.getPoolManager(AbstractPoolBackedDataSource.java:462) ]
INFO:Initializing c3p0 pool... com.mchange.v2.c3p0.ComboPooledDataSource [ acquireIncrement -> 3, acquireRetryAttempts -> 30, acquireRetryDelay -> 1000, autoCommitOnClose -> false, automaticTestTable -> null, breakAfterAcquireFailure -> false, checkoutTimeout -> 0, connectionCustomizerClassName -> null, connectionTesterClassName -> com.mchange.v2.c3p0.impl.DefaultConnectionTester, dataSourceName -> 1hgeby9ac1yf3w5vse2k12|4bff7da0, debugUnreturnedConnectionStackTraces -> false, description -> null, driverClass -> com.mysql.jdbc.Driver, factoryClassLocation -> null, forceIgnoreUnresolvedTransactions -> false, identityToken -> 1hgeby9ac1yf3w5vse2k12|4bff7da0, idleConnectionTestPeriod -> 0, initialPoolSize -> 3, jdbcUrl -> jdbc:mysql://120.27.242.143:3306/wordguardian?useUnicode=true&characterEncoding=UTF-8&autoReconnect=true&failOverReadOnly=false, maxAdministrativeTaskTime -> 0, maxConnectionAge -> 0, maxIdleTime -> 0, maxIdleTimeExcessConnections -> 0, maxPoolSize -> 15, maxStatements -> 0, maxStatementsPerConnection -> 0, minPoolSize -> 3, numHelperThreads -> 3, numThreadsAwaitingCheckoutDefaultUser -> 0, preferredTestQuery -> null, properties -> {password=******, user=******}, propertyCycle -> 0, testConnectionOnCheckin -> false, testConnectionOnCheckout -> false, unreturnedConnectionTimeout -> 0, usesTraditionalReflectiveProxies -> false ]
2020-10-06 20:04:03 下午 [Thread: main][ Class:com.mchange.v2.resourcepool.BasicResourcePool >> Method: com.mchange.v2.resourcepool.BasicResourcePool.prelimCheckoutResource(BasicResourcePool.java:538) ]
DEBUG:acquire test -- pool size: 0; target_pool_size: 3; desired target? 1
2020-10-06 20:04:03 下午 [Thread: main][ Class:com.mchange.v2.resourcepool.BasicResourcePool >> Method: com.mchange.v2.resourcepool.BasicResourcePool.awaitAvailable(BasicResourcePool.java:1291) ]
DEBUG:awaitAvailable(): [unknown]
2020-10-06 20:04:03 下午 [Thread: main][ Class:com.mchange.v2.resourcepool.BasicResourcePool >> Method: com.mchange.v2.resourcepool.BasicResourcePool.trace(BasicResourcePool.java:1644) ]
DEBUG:trace com.mchange.v2.resourcepool.BasicResourcePool@4fce136b [managed: 0, unused: 0, excluded: 0]
2020-10-06 20:04:03 下午 [Thread: com.mchange.v2.async.ThreadPoolAsynchronousRunner$PoolThread-#1][ Class:com.mchange.v2.c3p0.impl.C3P0PooledConnectionPool >> Method: com.mchange.v2.c3p0.impl.C3P0PooledConnectionPool$1PooledConnectionResourcePoolManager.acquireResource(C3P0PooledConnectionPool.java:217) ]
DEBUG:com.mchange.v2.c3p0.impl.C3P0PooledConnectionPool$1PooledConnectionResourcePoolManager@d0c4e4c.acquireResource() returning. 
2020-10-06 20:04:03 下午 [Thread: com.mchange.v2.async.ThreadPoolAsynchronousRunner$PoolThread-#2][ Class:com.mchange.v2.c3p0.impl.C3P0PooledConnectionPool >> Method: com.mchange.v2.c3p0.impl.C3P0PooledConnectionPool$1PooledConnectionResourcePoolManager.acquireResource(C3P0PooledConnectionPool.java:217) ]
DEBUG:com.mchange.v2.c3p0.impl.C3P0PooledConnectionPool$1PooledConnectionResourcePoolManager@d0c4e4c.acquireResource() returning. 
2020-10-06 20:04:03 下午 [Thread: com.mchange.v2.async.ThreadPoolAsynchronousRunner$PoolThread-#0][ Class:com.mchange.v2.c3p0.impl.C3P0PooledConnectionPool >> Method: com.mchange.v2.c3p0.impl.C3P0PooledConnectionPool$1PooledConnectionResourcePoolManager.acquireResource(C3P0PooledConnectionPool.java:217) ]
DEBUG:com.mchange.v2.c3p0.impl.C3P0PooledConnectionPool$1PooledConnectionResourcePoolManager@d0c4e4c.acquireResource() returning. 
2020-10-06 20:04:03 下午 [Thread: com.mchange.v2.async.ThreadPoolAsynchronousRunner$PoolThread-#1][ Class:com.mchange.v2.resourcepool.BasicResourcePool >> Method: com.mchange.v2.resourcepool.BasicResourcePool.trace(BasicResourcePool.java:1644) ]
DEBUG:trace com.mchange.v2.resourcepool.BasicResourcePool@4fce136b [managed: 1, unused: 1, excluded: 0]
2020-10-06 20:04:03 下午 [Thread: main][ Class:com.mchange.v2.resourcepool.BasicResourcePool >> Method: com.mchange.v2.resourcepool.BasicResourcePool.trace(BasicResourcePool.java:1644) ]
DEBUG:trace com.mchange.v2.resourcepool.BasicResourcePool@4fce136b [managed: 1, unused: 0, excluded: 0] (e.g. com.mchange.v2.c3p0.impl.NewPooledConnection@3be8fde6)
2020-10-06 20:04:03 下午 [Thread: com.mchange.v2.async.ThreadPoolAsynchronousRunner$PoolThread-#0][ Class:com.mchange.v2.resourcepool.BasicResourcePool >> Method: com.mchange.v2.resourcepool.BasicResourcePool.trace(BasicResourcePool.java:1644) ]
DEBUG:trace com.mchange.v2.resourcepool.BasicResourcePool@4fce136b [managed: 2, unused: 1, excluded: 0] (e.g. com.mchange.v2.c3p0.impl.NewPooledConnection@3be8fde6)
2020-10-06 20:04:03 下午 [Thread: com.mchange.v2.async.ThreadPoolAsynchronousRunner$PoolThread-#0][ Class:com.mchange.v2.resourcepool.BasicResourcePool >> Method: com.mchange.v2.resourcepool.BasicResourcePool.decrementPendingAcquires(BasicResourcePool.java:422) ]
DEBUG:decremented pending_acquires: 2
2020-10-06 20:04:03 下午 [Thread: com.mchange.v2.async.ThreadPoolAsynchronousRunner$PoolThread-#2][ Class:com.mchange.v2.resourcepool.BasicResourcePool >> Method: com.mchange.v2.resourcepool.BasicResourcePool.trace(BasicResourcePool.java:1644) ]
DEBUG:trace com.mchange.v2.resourcepool.BasicResourcePool@4fce136b [managed: 3, unused: 2, excluded: 0] (e.g. com.mchange.v2.c3p0.impl.NewPooledConnection@3be8fde6)
2020-10-06 20:04:03 下午 [Thread: com.mchange.v2.async.ThreadPoolAsynchronousRunner$PoolThread-#2][ Class:com.mchange.v2.resourcepool.BasicResourcePool >> Method: com.mchange.v2.resourcepool.BasicResourcePool.decrementPendingAcquires(BasicResourcePool.java:422) ]
DEBUG:decremented pending_acquires: 1
2020-10-06 20:04:03 下午 [Thread: com.mchange.v2.async.ThreadPoolAsynchronousRunner$PoolThread-#1][ Class:com.mchange.v2.resourcepool.BasicResourcePool >> Method: com.mchange.v2.resourcepool.BasicResourcePool.decrementPendingAcquires(BasicResourcePool.java:422) ]
DEBUG:decremented pending_acquires: 0
2020-10-06 20:04:04 下午 [Thread: main][ Class:com.mchange.v2.resourcepool.BasicResourcePool >> Method: com.mchange.v2.resourcepool.BasicResourcePool.trace(BasicResourcePool.java:1644) ]
DEBUG:trace com.mchange.v2.resourcepool.BasicResourcePool@4fce136b [managed: 3, unused: 2, excluded: 0] (e.g. com.mchange.v2.c3p0.impl.NewPooledConnection@3be8fde6)
2020-10-06 20:04:05 下午 [Thread: main][ Class:com.brianyi.service.impl.UserServiceImpl >> Method: com.brianyi.service.impl.UserServiceImpl.justified(UserServiceImpl.java:220) ]
ERROR:上链失败
2020-10-06 20:05:10 下午 [Thread: main][ Class:com.mchange.v2.log.MLog >> Method: com.mchange.v2.log.MLog.<clinit>(MLog.java:80) ]
INFO:MLog clients using log4j logging.
2020-10-06 20:05:11 下午 [Thread: main][ Class:com.mchange.v2.c3p0.C3P0Registry >> Method: com.mchange.v2.c3p0.C3P0Registry.banner(C3P0Registry.java:204) ]
INFO:Initializing c3p0-0.9.1.2 [built 21-May-2007 15:04:56; debug? true; trace: 10]
2020-10-06 20:05:11 下午 [Thread: main][ Class:com.mchange.v2.c3p0.management.DynamicPooledDataSourceManagerMBean >> Method: com.mchange.v2.c3p0.management.DynamicPooledDataSourceManagerMBean.reinitialize(DynamicPooledDataSourceManagerMBean.java:236) ]
DEBUG:MBean: com.mchange.v2.c3p0:type=PooledDataSource[1hgeby9ac1yf5d6c11z68ta|4bff7da0] registered.
2020-10-06 20:05:13 下午 [Thread: main][ Class:com.mchange.v2.resourcepool.BasicResourcePool >> Method: com.mchange.v2.resourcepool.BasicResourcePool.incrementPendingAcquires(BasicResourcePool.java:404) ]
DEBUG:incremented pending_acquires: 1
2020-10-06 20:05:13 下午 [Thread: main][ Class:com.mchange.v2.resourcepool.BasicResourcePool >> Method: com.mchange.v2.resourcepool.BasicResourcePool.incrementPendingAcquires(BasicResourcePool.java:404) ]
DEBUG:incremented pending_acquires: 2
2020-10-06 20:05:13 下午 [Thread: main][ Class:com.mchange.v2.resourcepool.BasicResourcePool >> Method: com.mchange.v2.resourcepool.BasicResourcePool.incrementPendingAcquires(BasicResourcePool.java:404) ]
DEBUG:incremented pending_acquires: 3
2020-10-06 20:05:13 下午 [Thread: main][ Class:com.mchange.v2.resourcepool.BasicResourcePool >> Method: com.mchange.v2.resourcepool.BasicResourcePool.<init>(BasicResourcePool.java:289) ]
DEBUG:com.mchange.v2.resourcepool.BasicResourcePool@ea27e34 config: [start -> 3; min -> 3; max -> 15; inc -> 3; num_acq_attempts -> 30; acq_attempt_delay -> 1000; check_idle_resources_delay -> 0; mox_resource_age -> 0; max_idle_time -> 0; excess_max_idle_time -> 0; destroy_unreturned_resc_time -> 0; expiration_enforcement_delay -> 0; break_on_acquisition_failure -> false; debug_store_checkout_exceptions -> false]
2020-10-06 20:05:13 下午 [Thread: main][ Class:com.mchange.v2.c3p0.impl.AbstractPoolBackedDataSource >> Method: com.mchange.v2.c3p0.impl.AbstractPoolBackedDataSource.getPoolManager(AbstractPoolBackedDataSource.java:462) ]
INFO:Initializing c3p0 pool... com.mchange.v2.c3p0.ComboPooledDataSource [ acquireIncrement -> 3, acquireRetryAttempts -> 30, acquireRetryDelay -> 1000, autoCommitOnClose -> false, automaticTestTable -> null, breakAfterAcquireFailure -> false, checkoutTimeout -> 0, connectionCustomizerClassName -> null, connectionTesterClassName -> com.mchange.v2.c3p0.impl.DefaultConnectionTester, dataSourceName -> 1hgeby9ac1yf5d6c11z68ta|4bff7da0, debugUnreturnedConnectionStackTraces -> false, description -> null, driverClass -> com.mysql.jdbc.Driver, factoryClassLocation -> null, forceIgnoreUnresolvedTransactions -> false, identityToken -> 1hgeby9ac1yf5d6c11z68ta|4bff7da0, idleConnectionTestPeriod -> 0, initialPoolSize -> 3, jdbcUrl -> jdbc:mysql://120.27.242.143:3306/wordguardian?useUnicode=true&characterEncoding=UTF-8&autoReconnect=true&failOverReadOnly=false, maxAdministrativeTaskTime -> 0, maxConnectionAge -> 0, maxIdleTime -> 0, maxIdleTimeExcessConnections -> 0, maxPoolSize -> 15, maxStatements -> 0, maxStatementsPerConnection -> 0, minPoolSize -> 3, numHelperThreads -> 3, numThreadsAwaitingCheckoutDefaultUser -> 0, preferredTestQuery -> null, properties -> {password=******, user=******}, propertyCycle -> 0, testConnectionOnCheckin -> false, testConnectionOnCheckout -> false, unreturnedConnectionTimeout -> 0, usesTraditionalReflectiveProxies -> false ]
2020-10-06 20:05:13 下午 [Thread: main][ Class:com.mchange.v2.resourcepool.BasicResourcePool >> Method: com.mchange.v2.resourcepool.BasicResourcePool.prelimCheckoutResource(BasicResourcePool.java:538) ]
DEBUG:acquire test -- pool size: 0; target_pool_size: 3; desired target? 1
2020-10-06 20:05:13 下午 [Thread: main][ Class:com.mchange.v2.resourcepool.BasicResourcePool >> Method: com.mchange.v2.resourcepool.BasicResourcePool.awaitAvailable(BasicResourcePool.java:1291) ]
DEBUG:awaitAvailable(): [unknown]
2020-10-06 20:05:13 下午 [Thread: main][ Class:com.mchange.v2.resourcepool.BasicResourcePool >> Method: com.mchange.v2.resourcepool.BasicResourcePool.trace(BasicResourcePool.java:1644) ]
DEBUG:trace com.mchange.v2.resourcepool.BasicResourcePool@ea27e34 [managed: 0, unused: 0, excluded: 0]
2020-10-06 20:05:14 下午 [Thread: com.mchange.v2.async.ThreadPoolAsynchronousRunner$PoolThread-#2][ Class:com.mchange.v2.c3p0.impl.C3P0PooledConnectionPool >> Method: com.mchange.v2.c3p0.impl.C3P0PooledConnectionPool$1PooledConnectionResourcePoolManager.acquireResource(C3P0PooledConnectionPool.java:217) ]
DEBUG:com.mchange.v2.c3p0.impl.C3P0PooledConnectionPool$1PooledConnectionResourcePoolManager@e132333.acquireResource() returning. 
2020-10-06 20:05:14 下午 [Thread: com.mchange.v2.async.ThreadPoolAsynchronousRunner$PoolThread-#0][ Class:com.mchange.v2.c3p0.impl.C3P0PooledConnectionPool >> Method: com.mchange.v2.c3p0.impl.C3P0PooledConnectionPool$1PooledConnectionResourcePoolManager.acquireResource(C3P0PooledConnectionPool.java:217) ]
DEBUG:com.mchange.v2.c3p0.impl.C3P0PooledConnectionPool$1PooledConnectionResourcePoolManager@e132333.acquireResource() returning. 
2020-10-06 20:05:14 下午 [Thread: com.mchange.v2.async.ThreadPoolAsynchronousRunner$PoolThread-#2][ Class:com.mchange.v2.resourcepool.BasicResourcePool >> Method: com.mchange.v2.resourcepool.BasicResourcePool.trace(BasicResourcePool.java:1644) ]
DEBUG:trace com.mchange.v2.resourcepool.BasicResourcePool@ea27e34 [managed: 1, unused: 1, excluded: 0]
2020-10-06 20:05:14 下午 [Thread: main][ Class:com.mchange.v2.resourcepool.BasicResourcePool >> Method: com.mchange.v2.resourcepool.BasicResourcePool.trace(BasicResourcePool.java:1644) ]
DEBUG:trace com.mchange.v2.resourcepool.BasicResourcePool@ea27e34 [managed: 1, unused: 0, excluded: 0] (e.g. com.mchange.v2.c3p0.impl.NewPooledConnection@1a70a04b)
2020-10-06 20:05:14 下午 [Thread: com.mchange.v2.async.ThreadPoolAsynchronousRunner$PoolThread-#0][ Class:com.mchange.v2.resourcepool.BasicResourcePool >> Method: com.mchange.v2.resourcepool.BasicResourcePool.trace(BasicResourcePool.java:1644) ]
DEBUG:trace com.mchange.v2.resourcepool.BasicResourcePool@ea27e34 [managed: 2, unused: 1, excluded: 0] (e.g. com.mchange.v2.c3p0.impl.NewPooledConnection@1a70a04b)
2020-10-06 20:05:14 下午 [Thread: com.mchange.v2.async.ThreadPoolAsynchronousRunner$PoolThread-#0][ Class:com.mchange.v2.resourcepool.BasicResourcePool >> Method: com.mchange.v2.resourcepool.BasicResourcePool.decrementPendingAcquires(BasicResourcePool.java:422) ]
DEBUG:decremented pending_acquires: 2
2020-10-06 20:05:14 下午 [Thread: com.mchange.v2.async.ThreadPoolAsynchronousRunner$PoolThread-#2][ Class:com.mchange.v2.resourcepool.BasicResourcePool >> Method: com.mchange.v2.resourcepool.BasicResourcePool.decrementPendingAcquires(BasicResourcePool.java:422) ]
DEBUG:decremented pending_acquires: 1
2020-10-06 20:05:14 下午 [Thread: main][ Class:com.mchange.v2.resourcepool.BasicResourcePool >> Method: com.mchange.v2.resourcepool.BasicResourcePool.trace(BasicResourcePool.java:1644) ]
DEBUG:trace com.mchange.v2.resourcepool.BasicResourcePool@ea27e34 [managed: 2, unused: 1, excluded: 0] (e.g. com.mchange.v2.c3p0.impl.NewPooledConnection@1a70a04b)
2020-10-06 20:05:14 下午 [Thread: main][ Class:com.brianyi.service.impl.UserServiceImpl >> Method: com.brianyi.service.impl.UserServiceImpl.justified(UserServiceImpl.java:220) ]
ERROR:上链失败
2020-10-06 20:10:06 下午 [Thread: main][ Class:com.mchange.v2.log.MLog >> Method: com.mchange.v2.log.MLog.<clinit>(MLog.java:80) ]
INFO:MLog clients using log4j logging.
2020-10-06 20:10:07 下午 [Thread: main][ Class:com.mchange.v2.c3p0.C3P0Registry >> Method: com.mchange.v2.c3p0.C3P0Registry.banner(C3P0Registry.java:204) ]
INFO:Initializing c3p0-0.9.1.2 [built 21-May-2007 15:04:56; debug? true; trace: 10]
2020-10-06 20:10:07 下午 [Thread: main][ Class:com.mchange.v2.c3p0.management.DynamicPooledDataSourceManagerMBean >> Method: com.mchange.v2.c3p0.management.DynamicPooledDataSourceManagerMBean.reinitialize(DynamicPooledDataSourceManagerMBean.java:236) ]
DEBUG:MBean: com.mchange.v2.c3p0:type=PooledDataSource[1hgeby9ac1yfbp3ghfg6ln|4bff7da0] registered.
2020-10-06 20:10:07 下午 [Thread: main][ Class:com.mchange.v2.resourcepool.BasicResourcePool >> Method: com.mchange.v2.resourcepool.BasicResourcePool.incrementPendingAcquires(BasicResourcePool.java:404) ]
DEBUG:incremented pending_acquires: 1
2020-10-06 20:10:07 下午 [Thread: main][ Class:com.mchange.v2.resourcepool.BasicResourcePool >> Method: com.mchange.v2.resourcepool.BasicResourcePool.incrementPendingAcquires(BasicResourcePool.java:404) ]
DEBUG:incremented pending_acquires: 2
2020-10-06 20:10:07 下午 [Thread: main][ Class:com.mchange.v2.resourcepool.BasicResourcePool >> Method: com.mchange.v2.resourcepool.BasicResourcePool.incrementPendingAcquires(BasicResourcePool.java:404) ]
DEBUG:incremented pending_acquires: 3
2020-10-06 20:10:07 下午 [Thread: main][ Class:com.mchange.v2.resourcepool.BasicResourcePool >> Method: com.mchange.v2.resourcepool.BasicResourcePool.<init>(BasicResourcePool.java:289) ]
DEBUG:com.mchange.v2.resourcepool.BasicResourcePool@4fce136b config: [start -> 3; min -> 3; max -> 15; inc -> 3; num_acq_attempts -> 30; acq_attempt_delay -> 1000; check_idle_resources_delay -> 0; mox_resource_age -> 0; max_idle_time -> 0; excess_max_idle_time -> 0; destroy_unreturned_resc_time -> 0; expiration_enforcement_delay -> 0; break_on_acquisition_failure -> false; debug_store_checkout_exceptions -> false]
2020-10-06 20:10:07 下午 [Thread: main][ Class:com.mchange.v2.c3p0.impl.AbstractPoolBackedDataSource >> Method: com.mchange.v2.c3p0.impl.AbstractPoolBackedDataSource.getPoolManager(AbstractPoolBackedDataSource.java:462) ]
INFO:Initializing c3p0 pool... com.mchange.v2.c3p0.ComboPooledDataSource [ acquireIncrement -> 3, acquireRetryAttempts -> 30, acquireRetryDelay -> 1000, autoCommitOnClose -> false, automaticTestTable -> null, breakAfterAcquireFailure -> false, checkoutTimeout -> 0, connectionCustomizerClassName -> null, connectionTesterClassName -> com.mchange.v2.c3p0.impl.DefaultConnectionTester, dataSourceName -> 1hgeby9ac1yfbp3ghfg6ln|4bff7da0, debugUnreturnedConnectionStackTraces -> false, description -> null, driverClass -> com.mysql.jdbc.Driver, factoryClassLocation -> null, forceIgnoreUnresolvedTransactions -> false, identityToken -> 1hgeby9ac1yfbp3ghfg6ln|4bff7da0, idleConnectionTestPeriod -> 0, initialPoolSize -> 3, jdbcUrl -> jdbc:mysql://120.27.242.143:3306/wordguardian?useUnicode=true&characterEncoding=UTF-8&autoReconnect=true&failOverReadOnly=false, maxAdministrativeTaskTime -> 0, maxConnectionAge -> 0, maxIdleTime -> 0, maxIdleTimeExcessConnections -> 0, maxPoolSize -> 15, maxStatements -> 0, maxStatementsPerConnection -> 0, minPoolSize -> 3, numHelperThreads -> 3, numThreadsAwaitingCheckoutDefaultUser -> 0, preferredTestQuery -> null, properties -> {password=******, user=******}, propertyCycle -> 0, testConnectionOnCheckin -> false, testConnectionOnCheckout -> false, unreturnedConnectionTimeout -> 0, usesTraditionalReflectiveProxies -> false ]
2020-10-06 20:10:07 下午 [Thread: main][ Class:com.mchange.v2.resourcepool.BasicResourcePool >> Method: com.mchange.v2.resourcepool.BasicResourcePool.prelimCheckoutResource(BasicResourcePool.java:538) ]
DEBUG:acquire test -- pool size: 0; target_pool_size: 3; desired target? 1
2020-10-06 20:10:07 下午 [Thread: main][ Class:com.mchange.v2.resourcepool.BasicResourcePool >> Method: com.mchange.v2.resourcepool.BasicResourcePool.awaitAvailable(BasicResourcePool.java:1291) ]
DEBUG:awaitAvailable(): [unknown]
2020-10-06 20:10:07 下午 [Thread: main][ Class:com.mchange.v2.resourcepool.BasicResourcePool >> Method: com.mchange.v2.resourcepool.BasicResourcePool.trace(BasicResourcePool.java:1644) ]
DEBUG:trace com.mchange.v2.resourcepool.BasicResourcePool@4fce136b [managed: 0, unused: 0, excluded: 0]
2020-10-06 20:10:08 下午 [Thread: com.mchange.v2.async.ThreadPoolAsynchronousRunner$PoolThread-#0][ Class:com.mchange.v2.c3p0.impl.C3P0PooledConnectionPool >> Method: com.mchange.v2.c3p0.impl.C3P0PooledConnectionPool$1PooledConnectionResourcePoolManager.acquireResource(C3P0PooledConnectionPool.java:217) ]
DEBUG:com.mchange.v2.c3p0.impl.C3P0PooledConnectionPool$1PooledConnectionResourcePoolManager@655a9a7b.acquireResource() returning. 
2020-10-06 20:10:08 下午 [Thread: com.mchange.v2.async.ThreadPoolAsynchronousRunner$PoolThread-#2][ Class:com.mchange.v2.c3p0.impl.C3P0PooledConnectionPool >> Method: com.mchange.v2.c3p0.impl.C3P0PooledConnectionPool$1PooledConnectionResourcePoolManager.acquireResource(C3P0PooledConnectionPool.java:217) ]
DEBUG:com.mchange.v2.c3p0.impl.C3P0PooledConnectionPool$1PooledConnectionResourcePoolManager@655a9a7b.acquireResource() returning. 
2020-10-06 20:10:08 下午 [Thread: com.mchange.v2.async.ThreadPoolAsynchronousRunner$PoolThread-#1][ Class:com.mchange.v2.c3p0.impl.C3P0PooledConnectionPool >> Method: com.mchange.v2.c3p0.impl.C3P0PooledConnectionPool$1PooledConnectionResourcePoolManager.acquireResource(C3P0PooledConnectionPool.java:217) ]
DEBUG:com.mchange.v2.c3p0.impl.C3P0PooledConnectionPool$1PooledConnectionResourcePoolManager@655a9a7b.acquireResource() returning. 
2020-10-06 20:10:08 下午 [Thread: com.mchange.v2.async.ThreadPoolAsynchronousRunner$PoolThread-#0][ Class:com.mchange.v2.resourcepool.BasicResourcePool >> Method: com.mchange.v2.resourcepool.BasicResourcePool.trace(BasicResourcePool.java:1644) ]
DEBUG:trace com.mchange.v2.resourcepool.BasicResourcePool@4fce136b [managed: 1, unused: 1, excluded: 0]
2020-10-06 20:10:08 下午 [Thread: com.mchange.v2.async.ThreadPoolAsynchronousRunner$PoolThread-#0][ Class:com.mchange.v2.resourcepool.BasicResourcePool >> Method: com.mchange.v2.resourcepool.BasicResourcePool.decrementPendingAcquires(BasicResourcePool.java:422) ]
DEBUG:decremented pending_acquires: 2
2020-10-06 20:10:08 下午 [Thread: com.mchange.v2.async.ThreadPoolAsynchronousRunner$PoolThread-#1][ Class:com.mchange.v2.resourcepool.BasicResourcePool >> Method: com.mchange.v2.resourcepool.BasicResourcePool.trace(BasicResourcePool.java:1644) ]
DEBUG:trace com.mchange.v2.resourcepool.BasicResourcePool@4fce136b [managed: 2, unused: 1, excluded: 0] (e.g. com.mchange.v2.c3p0.impl.NewPooledConnection@148bd67f)
2020-10-06 20:10:08 下午 [Thread: com.mchange.v2.async.ThreadPoolAsynchronousRunner$PoolThread-#1][ Class:com.mchange.v2.resourcepool.BasicResourcePool >> Method: com.mchange.v2.resourcepool.BasicResourcePool.decrementPendingAcquires(BasicResourcePool.java:422) ]
DEBUG:decremented pending_acquires: 1
2020-10-06 20:10:08 下午 [Thread: com.mchange.v2.async.ThreadPoolAsynchronousRunner$PoolThread-#2][ Class:com.mchange.v2.resourcepool.BasicResourcePool >> Method: com.mchange.v2.resourcepool.BasicResourcePool.trace(BasicResourcePool.java:1644) ]
DEBUG:trace com.mchange.v2.resourcepool.BasicResourcePool@4fce136b [managed: 3, unused: 2, excluded: 0] (e.g. com.mchange.v2.c3p0.impl.NewPooledConnection@148bd67f)
2020-10-06 20:10:08 下午 [Thread: com.mchange.v2.async.ThreadPoolAsynchronousRunner$PoolThread-#2][ Class:com.mchange.v2.resourcepool.BasicResourcePool >> Method: com.mchange.v2.resourcepool.BasicResourcePool.decrementPendingAcquires(BasicResourcePool.java:422) ]
DEBUG:decremented pending_acquires: 0
2020-10-06 20:10:08 下午 [Thread: main][ Class:com.mchange.v2.resourcepool.BasicResourcePool >> Method: com.mchange.v2.resourcepool.BasicResourcePool.trace(BasicResourcePool.java:1644) ]
DEBUG:trace com.mchange.v2.resourcepool.BasicResourcePool@4fce136b [managed: 3, unused: 2, excluded: 0] (e.g. com.mchange.v2.c3p0.impl.NewPooledConnection@148bd67f)
2020-10-06 20:10:08 下午 [Thread: main][ Class:com.mchange.v2.resourcepool.BasicResourcePool >> Method: com.mchange.v2.resourcepool.BasicResourcePool.trace(BasicResourcePool.java:1644) ]
DEBUG:trace com.mchange.v2.resourcepool.BasicResourcePool@4fce136b [managed: 3, unused: 2, excluded: 0] (e.g. com.mchange.v2.c3p0.impl.NewPooledConnection@148bd67f)
2020-10-06 20:10:09 下午 [Thread: main][ Class:com.brianyi.service.impl.UserServiceImpl >> Method: com.brianyi.service.impl.UserServiceImpl.justified(UserServiceImpl.java:182) ]
ERROR:上链失败
